<?xml version="1.0" encoding="UTF-8"?>
<testng-results skipped="0" failed="1" ignored="0" total="2" passed="1">
  <reporter-output>
  </reporter-output>
  <suite name="Default suite" duration-ms="16411" started-at="2022-06-15T08:59:22Z" finished-at="2022-06-15T08:59:39Z">
    <groups>
    </groups>
    <test name="Default test" duration-ms="16411" started-at="2022-06-15T08:59:22Z" finished-at="2022-06-15T08:59:39Z">
      <class name="com.Test.TestDashboardPage">
        <test-method status="PASS" signature="setUp()[pri:0, instance:com.Test.TestDashboardPage@1794d431]" name="setUp" is-config="true" duration-ms="6702" started-at="2022-06-15T08:59:22Z" finished-at="2022-06-15T08:59:29Z">
          <reporter-output>
          </reporter-output>
        </test-method> <!-- setUp -->
        <test-method status="FAIL" signature="verifyCourses()[pri:1, instance:com.Test.TestDashboardPage@1794d431]" name="verifyCourses" duration-ms="820" started-at="2022-06-15T08:59:29Z" finished-at="2022-06-15T08:59:30Z">
          <exception class="java.lang.AssertionError">
            <message>
              <![CDATA[PHP Syllabus Page expected [true] but found [false]]]>
            </message>
            <full-stacktrace>
              <![CDATA[java.lang.AssertionError: PHP Syllabus Page expected [true] but found [false]
at org.testng.Assert.fail(Assert.java:96)
at org.testng.Assert.failNotEquals(Assert.java:776)
at org.testng.Assert.assertTrue(Assert.java:44)
at com.singlePages.DashboardPage.clickMoreInfo(DashboardPage.java:80)
at com.Test.TestDashboardPage.verifyCourses(TestDashboardPage.java:23)
at sun.reflect.NativeMethodAccessorImpl.invoke0(Native Method)
at sun.reflect.NativeMethodAccessorImpl.invoke(NativeMethodAccessorImpl.java:62)
at sun.reflect.DelegatingMethodAccessorImpl.invoke(DelegatingMethodAccessorImpl.java:43)
at java.lang.reflect.Method.invoke(Method.java:498)
at org.testng.internal.MethodInvocationHelper.invokeMethod(MethodInvocationHelper.java:124)
at org.testng.internal.Invoker.invokeMethod(Invoker.java:583)
at org.testng.internal.Invoker.invokeTestMethod(Invoker.java:719)
at org.testng.internal.Invoker.invokeTestMethods(Invoker.java:989)
at org.testng.internal.TestMethodWorker.invokeTestMethods(TestMethodWorker.java:125)
at org.testng.internal.TestMethodWorker.run(TestMethodWorker.java:109)
at org.testng.TestRunner.privateRun(TestRunner.java:648)
at org.testng.TestRunner.run(TestRunner.java:505)
at org.testng.SuiteRunner.runTest(SuiteRunner.java:455)
at org.testng.SuiteRunner.runSequentially(SuiteRunner.java:450)
at org.testng.SuiteRunner.privateRun(SuiteRunner.java:415)
at org.testng.SuiteRunner.run(SuiteRunner.java:364)
at org.testng.SuiteRunnerWorker.runSuite(SuiteRunnerWorker.java:52)
at org.testng.SuiteRunnerWorker.run(SuiteRunnerWorker.java:84)
at org.testng.TestNG.runSuitesSequentially(TestNG.java:1208)
at org.testng.TestNG.runSuitesLocally(TestNG.java:1137)
at org.testng.TestNG.runSuites(TestNG.java:1049)
at org.testng.TestNG.run(TestNG.java:1017)
at org.testng.remote.AbstractRemoteTestNG.run(AbstractRemoteTestNG.java:114)
at org.testng.remote.RemoteTestNG.initAndRun(RemoteTestNG.java:251)
at org.testng.remote.RemoteTestNG.main(RemoteTestNG.java:77)
]]>
            </full-stacktrace>
          </exception> <!-- java.lang.AssertionError -->
          <reporter-output>
          </reporter-output>
        </test-method> <!-- verifyCourses -->
        <test-method status="PASS" signature="tearDown()[pri:0, instance:com.Test.TestDashboardPage@1794d431]" name="tearDown" is-config="true" duration-ms="128" started-at="2022-06-15T08:59:30Z" finished-at="2022-06-15T08:59:30Z">
          <reporter-output>
          </reporter-output>
        </test-method> <!-- tearDown -->
        <test-method status="PASS" signature="setUp()[pri:0, instance:com.Test.TestDashboardPage@1794d431]" name="setUp" is-config="true" duration-ms="8330" started-at="2022-06-15T08:59:30Z" finished-at="2022-06-15T08:59:38Z">
          <reporter-output>
          </reporter-output>
        </test-method> <!-- setUp -->
        <test-method status="PASS" signature="verifyMainNavigation()[pri:2, instance:com.Test.TestDashboardPage@1794d431]" name="verifyMainNavigation" duration-ms="237" started-at="2022-06-15T08:59:38Z" finished-at="2022-06-15T08:59:39Z">
          <reporter-output>
          </reporter-output>
        </test-method> <!-- verifyMainNavigation -->
        <test-method status="PASS" signature="tearDown()[pri:0, instance:com.Test.TestDashboardPage@1794d431]" name="tearDown" is-config="true" duration-ms="154" started-at="2022-06-15T08:59:39Z" finished-at="2022-06-15T08:59:39Z">
          <reporter-output>
          </reporter-output>
        </test-method> <!-- tearDown -->
      </class> <!-- com.Test.TestDashboardPage -->
    </test> <!-- Default test -->
  </suite> <!-- Default suite -->
</testng-results>
